2018-11-15 12:36:02pm /root/Documents/COMPACT/src/raadapter_outgoing.php	info	Received message from RATING for 
2018-11-15 12:56:02pm /root/Documents/COMPACT/src/raadapter_outgoing.php	info	Received message from RATING for 
2018-11-15 01:16:02pm /root/Documents/COMPACT/src/raadapter_outgoing.php	info	Received message from RATING for 
2018-11-15 01:56:18pm /root/Documents/COMPACT/src/raadapter_outgoing.php	info	Received message from RATING for 
2018-11-15 02:16:18pm /root/Documents/COMPACT/src/raadapter_outgoing.php	info	Received message from RATING for 
2018-11-15 02:36:18pm /root/Documents/COMPACT/src/raadapter_outgoing.php	info	Received message from RATING for 
2018-11-15 02:56:18pm /root/Documents/COMPACT/src/raadapter_outgoing.php	info	Received message from RATING for 
2018-11-15 03:16:18pm /root/Documents/COMPACT/src/raadapter_outgoing.php	info	Received message from RATING for 
2018-11-16 02:23:17pm /root/Documents/COMPACT/src/raadapter_outgoing.php	info	Received message from RATING for 
2018-11-16 02:43:17pm /root/Documents/COMPACT/src/raadapter_outgoing.php	info	Received message from RATING for 
2018-11-16 03:03:17pm /root/Documents/COMPACT/src/raadapter_outgoing.php	info	Received message from RATING for 
2018-11-16 03:23:17pm /root/Documents/COMPACT/src/raadapter_outgoing.php	info	Received message from RATING for 
2018-11-16 03:43:17pm /root/Documents/COMPACT/src/raadapter_outgoing.php	info	Received message from RATING for 
2018-11-16 04:03:17pm /root/Documents/COMPACT/src/raadapter_outgoing.php	info	Received message from RATING for 
2018-11-16 04:23:17pm /root/Documents/COMPACT/src/raadapter_outgoing.php	info	Received message from RATING for 
2018-11-16 04:43:17pm /root/Documents/COMPACT/src/raadapter_outgoing.php	info	Received message from RATING for 
2018-11-16 05:03:17pm /root/Documents/COMPACT/src/raadapter_outgoing.php	info	Received message from RATING for 
2018-11-16 05:23:17pm /root/Documents/COMPACT/src/raadapter_outgoing.php	info	Received message from RATING for 
2018-11-16 05:43:17pm /root/Documents/COMPACT/src/raadapter_outgoing.php	info	Received message from RATING for 
2018-11-16 06:03:17pm /root/Documents/COMPACT/src/raadapter_outgoing.php	info	Received message from RATING for 
2018-11-16 06:23:17pm /root/Documents/COMPACT/src/raadapter_outgoing.php	info	Received message from RATING for 
2018-11-16 06:43:17pm /root/Documents/COMPACT/src/raadapter_outgoing.php	info	Received message from RATING for 
2018-11-16 07:57:21pm /root/Documents/COMPACT/src/raadapter_outgoing.php	info	Received message from RATING for 
2018-11-16 08:17:21pm /root/Documents/COMPACT/src/raadapter_outgoing.php	info	Received message from RATING for 
2018-11-16 08:37:21pm /root/Documents/COMPACT/src/raadapter_outgoing.php	info	Received message from RATING for 
2018-11-16 08:57:21pm /root/Documents/COMPACT/src/raadapter_outgoing.php	info	Received message from RATING for 
2018-11-16 09:17:21pm /root/Documents/COMPACT/src/raadapter_outgoing.php	info	Received message from RATING for 
2018-11-16 09:37:21pm /root/Documents/COMPACT/src/raadapter_outgoing.php	info	Received message from RATING for 
2018-11-16 09:57:21pm /root/Documents/COMPACT/src/raadapter_outgoing.php	info	Received message from RATING for 
2018-11-16 10:17:21pm /root/Documents/COMPACT/src/raadapter_outgoing.php	info	Received message from RATING for 
2018-11-16 10:37:21pm /root/Documents/COMPACT/src/raadapter_outgoing.php	info	Received message from RATING for 
2018-11-16 10:57:21pm /root/Documents/COMPACT/src/raadapter_outgoing.php	info	Received message from RATING for 
2018-11-16 11:17:21pm /root/Documents/COMPACT/src/raadapter_outgoing.php	info	Received message from RATING for 
2018-11-16 11:37:21pm /root/Documents/COMPACT/src/raadapter_outgoing.php	info	Received message from RATING for 
2018-11-16 11:57:21pm /root/Documents/COMPACT/src/raadapter_outgoing.php	info	Received message from RATING for 
2018-11-17 12:17:21am /root/Documents/COMPACT/src/raadapter_outgoing.php	info	Received message from RATING for 
2018-11-17 12:37:21am /root/Documents/COMPACT/src/raadapter_outgoing.php	info	Received message from RATING for 
2018-11-17 05:39:13pm /root/Documents/COMPACT/src/raadapter_outgoing.php	info	Received message from RATING for 
2018-11-17 05:59:13pm /root/Documents/COMPACT/src/raadapter_outgoing.php	info	Received message from RATING for 
2018-11-17 06:19:13pm /root/Documents/COMPACT/src/raadapter_outgoing.php	info	Received message from RATING for 
2018-11-17 06:39:13pm /root/Documents/COMPACT/src/raadapter_outgoing.php	info	Received message from RATING for 
2018-11-17 06:59:13pm /root/Documents/COMPACT/src/raadapter_outgoing.php	info	Received message from RATING for 
2018-11-17 07:19:13pm /root/Documents/COMPACT/src/raadapter_outgoing.php	info	Received message from RATING for 
2018-11-18 05:45:29pm /root/Documents/COMPACT/src/raadapter_outgoing.php	info	Received message from RATING for 
2018-11-19 02:10:40pm /root/Documents/COMPACT/src/raadapter_outgoing.php	info	Received message from RATING for 
2018-11-19 02:30:40pm /root/Documents/COMPACT/src/raadapter_outgoing.php	info	Received message from RATING for 
2018-11-19 02:50:40pm /root/Documents/COMPACT/src/raadapter_outgoing.php	info	Received message from RATING for 
2018-11-19 03:10:40pm /root/Documents/COMPACT/src/raadapter_outgoing.php	info	Received message from RATING for 
2018-11-19 03:30:40pm /root/Documents/COMPACT/src/raadapter_outgoing.php	info	Received message from RATING for 
2018-11-19 03:50:40pm /root/Documents/COMPACT/src/raadapter_outgoing.php	info	Received message from RATING for 
2018-11-19 04:10:40pm /root/Documents/COMPACT/src/raadapter_outgoing.php	info	Received message from RATING for 
2018-11-19 04:30:40pm /root/Documents/COMPACT/src/raadapter_outgoing.php	info	Received message from RATING for 
2018-11-19 04:50:40pm /root/Documents/COMPACT/src/raadapter_outgoing.php	info	Received message from RATING for 
2018-11-20 09:02:40am /root/Documents/COMPACT/src/raadapter_outgoing.php	info	Received message from RATING for 
2018-11-20 09:22:40am /root/Documents/COMPACT/src/raadapter_outgoing.php	info	Received message from RATING for 
2018-11-20 09:42:40am /root/Documents/COMPACT/src/raadapter_outgoing.php	info	Received message from RATING for 
2018-11-20 10:02:40am /root/Documents/COMPACT/src/raadapter_outgoing.php	info	Received message from RATING for 
2018-11-20 10:22:40am /root/Documents/COMPACT/src/raadapter_outgoing.php	info	Received message from RATING for 
2018-11-20 10:42:40am /root/Documents/COMPACT/src/raadapter_outgoing.php	info	Received message from RATING for 
2018-11-20 11:02:40am /root/Documents/COMPACT/src/raadapter_outgoing.php	info	Received message from RATING for 
2018-11-20 11:22:40am /root/Documents/COMPACT/src/raadapter_outgoing.php	info	Received message from RATING for 
2018-11-20 11:42:40am /root/Documents/COMPACT/src/raadapter_outgoing.php	info	Received message from RATING for 
2018-11-20 12:02:40pm /root/Documents/COMPACT/src/raadapter_outgoing.php	info	Received message from RATING for 
2018-11-20 12:22:40pm /root/Documents/COMPACT/src/raadapter_outgoing.php	info	Received message from RATING for 
2018-11-20 12:42:40pm /root/Documents/COMPACT/src/raadapter_outgoing.php	info	Received message from RATING for 
2018-11-20 01:02:40pm /root/Documents/COMPACT/src/raadapter_outgoing.php	info	Received message from RATING for 
2018-11-20 01:22:40pm /root/Documents/COMPACT/src/raadapter_outgoing.php	info	Received message from RATING for 
2018-11-20 04:20:00pm /root/Documents/COMPACT/src/raadapter_outgoing.php	info	Received message from RATING for 
2018-11-20 04:40:00pm /root/Documents/COMPACT/src/raadapter_outgoing.php	info	Received message from RATING for 
2018-11-20 05:00:00pm /root/Documents/COMPACT/src/raadapter_outgoing.php	info	Received message from RATING for 
2018-11-20 05:20:00pm /root/Documents/COMPACT/src/raadapter_outgoing.php	info	Received message from RATING for 
2018-11-20 05:40:00pm /root/Documents/COMPACT/src/raadapter_outgoing.php	info	Received message from RATING for 
2018-11-20 06:00:00pm /root/Documents/COMPACT/src/raadapter_outgoing.php	info	Received message from RATING for 
2018-11-20 06:20:00pm /root/Documents/COMPACT/src/raadapter_outgoing.php	info	Received message from RATING for 
2018-11-20 06:40:00pm /root/Documents/COMPACT/src/raadapter_outgoing.php	info	Received message from RATING for 
2018-11-20 07:00:00pm /root/Documents/COMPACT/src/raadapter_outgoing.php	info	Received message from RATING for 
2018-11-20 07:20:00pm /root/Documents/COMPACT/src/raadapter_outgoing.php	info	Received message from RATING for 
2018-11-20 07:40:00pm /root/Documents/COMPACT/src/raadapter_outgoing.php	info	Received message from RATING for 
2018-11-20 08:00:00pm /root/Documents/COMPACT/src/raadapter_outgoing.php	info	Received message from RATING for 
2018-11-20 08:20:00pm /root/Documents/COMPACT/src/raadapter_outgoing.php	info	Received message from RATING for 
2018-11-20 08:40:00pm /root/Documents/COMPACT/src/raadapter_outgoing.php	info	Received message from RATING for 
2018-11-20 09:00:00pm /root/Documents/COMPACT/src/raadapter_outgoing.php	info	Received message from RATING for 
2018-11-20 09:20:00pm /root/Documents/COMPACT/src/raadapter_outgoing.php	info	Received message from RATING for 
2018-11-21 10:22:19am /root/Documents/COMPACT/src/raadapter_outgoing.php	info	Received message from RATING for 
2018-11-21 10:42:19am /root/Documents/COMPACT/src/raadapter_outgoing.php	info	Received message from RATING for 
2018-11-21 11:02:19am /root/Documents/COMPACT/src/raadapter_outgoing.php	info	Received message from RATING for 
2018-11-21 11:22:19am /root/Documents/COMPACT/src/raadapter_outgoing.php	info	Received message from RATING for 
2018-11-21 11:42:19am /root/Documents/COMPACT/src/raadapter_outgoing.php	info	Received message from RATING for 
2018-11-21 12:02:19pm /root/Documents/COMPACT/src/raadapter_outgoing.php	info	Received message from RATING for 
2018-11-21 12:22:19pm /root/Documents/COMPACT/src/raadapter_outgoing.php	info	Received message from RATING for 
2018-11-21 12:42:19pm /root/Documents/COMPACT/src/raadapter_outgoing.php	info	Received message from RATING for 
2018-11-21 02:01:37pm /root/Documents/COMPACT/src/raadapter_outgoing.php	info	Received message from RATING for 
2018-11-21 02:21:37pm /root/Documents/COMPACT/src/raadapter_outgoing.php	info	Received message from RATING for 
2018-11-21 02:41:37pm /root/Documents/COMPACT/src/raadapter_outgoing.php	info	Received message from RATING for 
2018-11-22 09:10:23am /root/Documents/COMPACT/src/raadapter_outgoing.php	info	Received message from RATING for 
2018-11-22 09:30:23am /root/Documents/COMPACT/src/raadapter_outgoing.php	info	Received message from RATING for 
2018-11-22 08:05:53pm /root/Documents/COMPACT/src/raadapter_outgoing.php	info	Received message from RATING for 
2018-11-23 04:54:01pm /root/Documents/COMPACT/src/raadapter_outgoing.php	info	Received message from RATING for 
2018-11-23 05:14:01pm /root/Documents/COMPACT/src/raadapter_outgoing.php	info	Received message from RATING for 
2018-11-23 05:34:01pm /root/Documents/COMPACT/src/raadapter_outgoing.php	info	Received message from RATING for 
2018-11-24 03:25:19pm /root/Documents/COMPACT/src/raadapter_outgoing.php	info	Received message from RATING for 
2018-11-24 03:45:19pm /root/Documents/COMPACT/src/raadapter_outgoing.php	info	Received message from RATING for 
2018-11-24 04:05:19pm /root/Documents/COMPACT/src/raadapter_outgoing.php	info	Received message from RATING for 
2018-11-24 06:47:27pm /root/Documents/COMPACT/src/raadapter_outgoing.php	info	Received message from RATING for 
2018-11-24 07:07:27pm /root/Documents/COMPACT/src/raadapter_outgoing.php	info	Received message from RATING for 
2018-11-24 07:27:27pm /root/Documents/COMPACT/src/raadapter_outgoing.php	info	Received message from RATING for 
2018-11-24 07:47:27pm /root/Documents/COMPACT/src/raadapter_outgoing.php	info	Received message from RATING for 
2018-11-25 01:34:37pm /root/Documents/COMPACT/src/raadapter_outgoing.php	info	Received message from RATING for 
2018-11-25 01:54:37pm /root/Documents/COMPACT/src/raadapter_outgoing.php	info	Received message from RATING for 
2018-11-25 02:14:37pm /root/Documents/COMPACT/src/raadapter_outgoing.php	info	Received message from RATING for 
2018-11-25 02:34:37pm /root/Documents/COMPACT/src/raadapter_outgoing.php	info	Received message from RATING for 
2018-11-25 02:54:37pm /root/Documents/COMPACT/src/raadapter_outgoing.php	info	Received message from RATING for 
2018-11-25 03:14:37pm /root/Documents/COMPACT/src/raadapter_outgoing.php	info	Received message from RATING for 
2018-11-25 03:34:37pm /root/Documents/COMPACT/src/raadapter_outgoing.php	info	Received message from RATING for 
2018-11-25 03:54:37pm /root/Documents/COMPACT/src/raadapter_outgoing.php	info	Received message from RATING for 
2018-11-25 04:14:37pm /root/Documents/COMPACT/src/raadapter_outgoing.php	info	Received message from RATING for 
2018-11-25 04:34:37pm /root/Documents/COMPACT/src/raadapter_outgoing.php	info	Received message from RATING for 
2018-11-25 04:54:37pm /root/Documents/COMPACT/src/raadapter_outgoing.php	info	Received message from RATING for 
2018-11-25 05:22:52pm /root/Documents/COMPACT/src/raadapter_outgoing.php	info	Received message from RATING for 
2018-11-25 05:42:52pm /root/Documents/COMPACT/src/raadapter_outgoing.php	info	Received message from RATING for 
2018-11-25 06:02:52pm /root/Documents/COMPACT/src/raadapter_outgoing.php	info	Received message from RATING for 
2018-11-25 06:22:52pm /root/Documents/COMPACT/src/raadapter_outgoing.php	info	Received message from RATING for 
2018-11-25 06:42:52pm /root/Documents/COMPACT/src/raadapter_outgoing.php	info	Received message from RATING for 
2018-11-26 09:01:11am /root/Documents/COMPACT/src/raadapter_outgoing.php	info	Received message from RATING for 
2018-11-26 09:21:11am /root/Documents/COMPACT/src/raadapter_outgoing.php	info	Received message from RATING for 
2018-11-26 09:41:11am /root/Documents/COMPACT/src/raadapter_outgoing.php	info	Received message from RATING for 
2018-11-26 10:01:11am /root/Documents/COMPACT/src/raadapter_outgoing.php	info	Received message from RATING for 
2018-11-26 10:21:11am /root/Documents/COMPACT/src/raadapter_outgoing.php	info	Received message from RATING for 
2018-11-26 10:41:11am /root/Documents/COMPACT/src/raadapter_outgoing.php	info	Received message from RATING for 
2018-11-26 10:52:06am /root/Documents/COMPACT/src/raadapter_outgoing.php	info	Received message from RATING for CMA
2018-11-26 10:52:06am /root/Documents/COMPACT/src/utils.php	info	Message sent (host: localhost:9092, topic_name: rating_CMA).
2018-11-26 10:52:17am /root/Documents/COMPACT/src/utils.php	info	Message sent (host: localhost:9092, topic_name: dashboard_CMA).
2018-11-26 10:54:15am /root/Documents/COMPACT/src/raadapter_outgoing.php	info	Received message from RATING for CMA
2018-11-26 10:54:15am /root/Documents/COMPACT/src/utils.php	info	Message sent (host: localhost:9092, topic_name: rating_CMA).
2018-11-26 10:54:25am /root/Documents/COMPACT/src/utils.php	info	Message sent (host: localhost:9092, topic_name: dashboard_CMA).
2018-11-26 11:00:32am /root/Documents/COMPACT/src/raadapter_outgoing.php	info	Received message from RATING for CMA
2018-11-26 11:00:32am /root/Documents/COMPACT/src/utils.php	info	Message sent (host: localhost:9092, topic_name: rating_CMA).
2018-11-26 11:00:42am /root/Documents/COMPACT/src/utils.php	info	Message sent (host: localhost:9092, topic_name: dashboard_CMA).
2018-11-26 11:01:47am /root/Documents/COMPACT/src/raadapter_outgoing.php	info	Received message from RATING for CMA
2018-11-26 11:01:47am /root/Documents/COMPACT/src/utils.php	info	Message sent (host: localhost:9092, topic_name: rating_CMA).
2018-11-26 11:01:57am /root/Documents/COMPACT/src/utils.php	info	Message sent (host: localhost:9092, topic_name: dashboard_CMA).
2018-11-26 11:06:48am /root/Documents/COMPACT/src/raadapter_outgoing.php	info	Received message from RATING for CMA
2018-11-26 11:06:48am /root/Documents/COMPACT/src/utils.php	info	Message sent (host: localhost:9092, topic_name: rating_CMA).
2018-11-26 11:06:58am /root/Documents/COMPACT/src/utils.php	info	Message sent (host: localhost:9092, topic_name: dashboard_CMA).
2018-11-26 11:10:16am /root/Documents/COMPACT/src/raadapter_outgoing.php	info	Received message from RATING for CMA
2018-11-26 11:10:16am /root/Documents/COMPACT/src/utils.php	info	Message sent (host: localhost:9092, topic_name: rating_CMA).
2018-11-26 11:10:26am /root/Documents/COMPACT/src/utils.php	info	Message sent (host: localhost:9092, topic_name: dashboard_CMA).
2018-11-26 11:32:16am /root/Documents/COMPACT/src/raadapter_outgoing.php	info	Received message from RATING for 
2018-11-26 11:52:16am /root/Documents/COMPACT/src/raadapter_outgoing.php	info	Received message from RATING for 
2018-11-26 12:12:16pm /root/Documents/COMPACT/src/raadapter_outgoing.php	info	Received message from RATING for 
2018-11-26 12:32:16pm /root/Documents/COMPACT/src/raadapter_outgoing.php	info	Received message from RATING for 
2018-11-26 12:52:16pm /root/Documents/COMPACT/src/raadapter_outgoing.php	info	Received message from RATING for 
2018-11-26 01:12:16pm /root/Documents/COMPACT/src/raadapter_outgoing.php	info	Received message from RATING for 
2018-11-26 02:26:48pm /root/Documents/COMPACT/src/raadapter_outgoing.php	info	Received message from RATING for 
2018-11-26 02:46:48pm /root/Documents/COMPACT/src/raadapter_outgoing.php	info	Received message from RATING for 
